0 verbose cli [ '/usr/local/bin/node', '/usr/local/bin/npm', 'run', 'dev' ]
1 info using npm@8.1.2
2 info using node@v16.13.1
3 timing npm:load:whichnode Completed in 2ms
4 timing config:load:defaults Completed in 3ms
5 timing config:load:file:/usr/local/lib/node_modules/npm/npmrc Completed in 6ms
6 timing config:load:builtin Completed in 6ms
7 timing config:load:cli Completed in 5ms
8 timing config:load:env Completed in 0ms
9 timing config:load:project Completed in 5ms
10 timing config:load:file:/app/.npmrc Completed in 2ms
11 timing config:load:user Completed in 2ms
12 timing config:load:file:/usr/local/etc/npmrc Completed in 1ms
13 timing config:load:global Completed in 2ms
14 timing config:load:validate Completed in 1ms
15 timing config:load:credentials Completed in 7ms
16 timing config:load:setEnvs Completed in 2ms
17 timing config:load Completed in 35ms
18 timing npm:load:configload Completed in 36ms
19 timing npm:load:setTitle Completed in 0ms
20 timing npm:load:setupLog Completed in 1ms
21 timing config:load:flatten Completed in 13ms
22 timing npm:load:cleanupLog Completed in 9ms
23 timing npm:load:configScope Completed in 0ms
24 timing npm:load:projectScope Completed in 9ms
25 timing npm:load Completed in 71ms
26 timing command:run-script Completed in 32ms
27 verbose stack Error: ENOENT: no such file or directory, open '/app/package.json'
28 verbose cwd /app
29 verbose Linux 5.15.49-linuxkit
30 verbose argv "/usr/local/bin/node" "/usr/local/bin/npm" "run" "dev"
31 verbose node v16.13.1
32 verbose npm  v8.1.2
33 error code ENOENT
34 error syscall open
35 error path /app/package.json
36 error errno -2
37 error enoent ENOENT: no such file or directory, open '/app/package.json'
38 error enoent This is related to npm not being able to find a file.
39 verbose exit -2
